<?xml version="1.0" encoding="UTF-8"?>
<testsuite name="Login to startsharp" tests="1" skipped="0" failures="0" errors="0" timestamp="2022-12-22T19:36:53" hostname="CHBOG7WPZDL3" time="30.173">
  <properties/>
  <testcase name="Access the page to create a business unit and schedule a meeting" classname="Login to startsharp" time="30.173"/>
  <system-out><![CDATA[]]></system-out>
  <system-err><![CDATA[Starting ChromeDriver 108.0.5359.71 (1e0e3868ee06e91ad636a874420e3ca3ae3756ac-refs/branch-heads/5359@{#1016}) on port 19208
Only local connections are allowed.
Please see https://chromedriver.chromium.org/security-considerations for suggestions on keeping ChromeDriver safe.
ChromeDriver was started successfully.
dic. 22, 2022 2:36:56 P. M. org.openqa.selenium.remote.ProtocolHandshake createSession
INFO: Detected dialect: W3C
]]></system-err>
</testsuite>
